[19:09:57] [main/INFO]: Setting user: Player358
[19:09:59] [Client thread/INFO]: LWJGL Version: 2.9.1
[19:10:06] [Client thread/INFO]: Reloading ResourceManager: Default, FMLFileResourcePack:Forge Mod Loader, FMLFileResourcePack:Minecraft Forge, FMLFileResourcePack:Excess Iron
[19:10:07] [Sound Library Loader/INFO]: Sound engine started
[19:10:10] [Client thread/INFO]: Created: 512x256 textures/blocks-atlas
[19:10:10] [Client thread/INFO]: Created: 256x256 textures/items-atlas
[19:10:10] [Client thread/INFO]: Reloading ResourceManager: Default, FMLFileResourcePack:Forge Mod Loader, FMLFileResourcePack:Minecraft Forge, FMLFileResourcePack:Excess Iron
[19:10:11] [Client thread/INFO]: Created: 512x256 textures/blocks-atlas
[19:10:11] [Client thread/INFO]: Created: 256x256 textures/items-atlas
[19:10:12] [Sound Library Loader/INFO]: Sound engine started
[19:10:17] [Server thread/INFO]: Starting integrated minecraft server version 1.7.10
[19:10:17] [Server thread/INFO]: Generating keypair
[19:10:18] [Server thread/INFO]: Preparing start region for level 0
[19:10:19] [Server thread/INFO]: Changing view distance to 12, from 10
[19:10:19] [Server thread/INFO]: Player358[local:E:ab60b654] logged in with entity id 303 at (591.4216189146064, 5.0, 761.5113614510808)
[19:10:19] [Server thread/INFO]: Player358 joined the game
[19:10:21] [Server thread/INFO]: Player358 has just earned the achievement [Taking Inventory]
[19:10:21] [Client thread/INFO]: [CHAT] Player358 has just earned the achievement [Taking Inventory]
[19:11:35] [Client thread/WARN]: Unable to play unknown soundEvent: minecraft:mob.witch.idle
[19:11:42] [Client thread/WARN]: Unable to play unknown soundEvent: minecraft:mob.witch.idle
[19:12:52] [Server thread/INFO]: Saving and pausing game...
[19:12:52] [Server thread/INFO]: Saving chunks for level 'Creative Mod Test'/Overworld
[19:12:52] [Server thread/INFO]: Saving chunks for level 'Creative Mod Test'/Nether
[19:12:52] [Server thread/INFO]: Saving chunks for level 'Creative Mod Test'/The End
[19:13:00] [Client thread/INFO]: Stopping!
[19:13:00] [Server thread/INFO]: Stopping server
[19:13:00] [Server thread/INFO]: Saving players
[19:13:00] [Server thread/INFO]: Saving worlds
[19:13:00] [Server thread/INFO]: Saving chunks for level 'Creative Mod Test'/Overworld
[19:13:01] [Server thread/INFO]: Saving chunks for level 'Creative Mod Test'/Nether
[19:13:01] [Server thread/INFO]: Saving chunks for level 'Creative Mod Test'/The End
